[jobokello5.wixsite.com/myportfolio.html]
[backblue.gif]
[fade.gif]
[index.html]
[jobokello5.wixsite.com/sitemap.xml]
[jobokello5.wixsite.com/feed.xml]
[browser.sentry-cdn.com/4.6.2/bundle.min.js]
[static.parastorage.com/unpkg/core-js-bundle@3.2.1/minified.js]
[static.parastorage.com/unpkg/whatwg-fetch@3.0.0/dist/fetch.umd.js]
[static.parastorage.com/services/wix-bolt/1.4817.0/bolt-main/app/bolt-custom-elements.min.js]
[static.parastorage.com/unpkg/requirejs-bolt@2.3.6/requirejs.min.js]
[static.parastorage.com/services/skins/2.1229.80/images/wysiwyg/core/themes/viewer/gallery/link_icon.png]
[static.wixstatic.com/media/035244_b479c942430942bfab09b6cc06ff380a_mv2.jpg/v1/fill/w_245,h_139,al_c,q_80,usm_0.66_1.00_0.01,blur_2/035244_b479c942430942bfab09b6cc06ff380a_mv2.jpg]
[jobokello5.wixsite.com/_partials/wix-bolt/1.4817.0/node_modules/viewer-platform-worker/dist/bolt-worker.js]
[static.wixstatic.com/media/035244_9f46dd7c6e524eef94172c670fff1913_mv2_d_1/v1/fill/w_245,h_171,al_c,q_80,usm_0.66_1.00_0.01,blur_2/035244_9f46dd7c6e524eef94172c670fff1913_mv2_d_1920_1343_s_2.jpg]
[static.wixstatic.com/media/035244_9fd1a405d2864f3b8415885edfcd79dd_mv2.jpg/v1/fill/w_245,h_106,al_c,q_80,usm_0.66_1.00_0.01,blur_2/035244_9fd1a405d2864f3b8415885edfcd79dd_mv2.jpg]
[static.wixstatic.com/media/035244_1f9f5504879f46cc90c68e323a18ea59_mv2_d_1/v1/fill/w_245,h_509,al_c,q_80,usm_0.66_1.00_0.01,blur_2/035244_1f9f5504879f46cc90c68e323a18ea59_mv2_d_1920_3986_s_2.jpg]
[static.wixstatic.com/media/0da768_0c5ce9e2ffa442bea0b79b690223a939_mv2.png]
[jobokello5.wixsite.com/myportfolio.html]
[jobokello5.wixsite.com/sitemap.html]
[jobokello5.wixsite.com/feed.html]
[jobokello5.wixsite.com/myportfolio/portfolio.html]
[jobokello5.wixsite.com/myportfolio/robots.txt]
[jobokello5.wixsite.com/myportfolio/sitemap.xml]
[jobokello5.wixsite.com/myportfolio/feed.xml]
[static.wixstatic.com/media/035244_1b65a67fbb9d4380b83b04e877918797_mv2.gif]
[static.wixstatic.com/media/035244_db2d7ef45e9a4c648f6c402bd37887d7_mv2.gif]
[static.wixstatic.com/media/035244_a6c9940be7574f80958eb48ee670c94a_mv2.gif]
[static.wixstatic.com/media/035244_1b65a67fbb9d4380b83b04e877918797_mv2.gif/v1/fill/w_250,h_227,fp_0.50_0.50,q_30,blur_30/035244_1b65a67fbb9d4380b83b04e877918797_mv2.gif]
[static.wixstatic.com/media/035244_6bef459d311f4d8295b30c6e204179af_mv2.jpg/v1/fill/w_250,h_227,fp_0.50_0.50,q_30,blur_30/035244_6bef459d311f4d8295b30c6e204179af_mv2.jpg]
[static.wixstatic.com/media/035244_d7bc438f67db4543bcc982b7567aa920_mv2.jpg/v1/fill/w_250,h_227,fp_0.50_0.50,q_30,blur_30/035244_d7bc438f67db4543bcc982b7567aa920_mv2.jpg]
[static.wixstatic.com/media/035244_d13301917382492d854f174b75749d92_mv2.jpg/v1/fill/w_250,h_227,fp_0.50_0.50,q_30,blur_30/035244_d13301917382492d854f174b75749d92_mv2.jpg]
[static.wixstatic.com/media/035244_24a99f3d185c4647a6429ede9582f759_mv2.jpg/v1/fill/w_250,h_227,fp_0.50_0.50,q_30,blur_30/035244_24a99f3d185c4647a6429ede9582f759_mv2.jpg]
[static.wixstatic.com/media/035244_c599aad6dd764049ac62db8c1d739a74_mv2.jpg/v1/fill/w_250,h_227,fp_0.50_0.50,q_30,blur_30/035244_c599aad6dd764049ac62db8c1d739a74_mv2.jpg]
[static.wixstatic.com/media/035244_e3492ff8967749ddb15413c6c027c04b_mv2.jpg/v1/fill/w_250,h_228,fp_0.50_0.50,q_30,blur_30/035244_e3492ff8967749ddb15413c6c027c04b_mv2.jpg]
[static.wixstatic.com/media/035244_db2d7ef45e9a4c648f6c402bd37887d7_mv2.gif/v1/fill/w_250,h_227,fp_0.50_0.50,q_30,blur_30/035244_db2d7ef45e9a4c648f6c402bd37887d7_mv2.gif]
[static.wixstatic.com/media/035244_a6c9940be7574f80958eb48ee670c94a_mv2.gif/v1/fill/w_250,h_227,fp_0.50_0.50,q_30,blur_30/035244_a6c9940be7574f80958eb48ee670c94a_mv2.gif]
[static.wixstatic.com/media/035244_5bd88fbac95345eba9f861fa63e99276_mv2.jpg/v1/fill/w_250,h_228,fp_0.50_0.50,q_30,blur_30/035244_5bd88fbac95345eba9f861fa63e99276_mv2.jpg]
[static.wixstatic.com/media/035244_95df92d9bbc14a1988e6da0eea395141_mv2.jpg/v1/fill/w_250,h_228,fp_0.50_0.50,q_30,blur_30/035244_95df92d9bbc14a1988e6da0eea395141_mv2.jpg]
[static.wixstatic.com/media/035244_5bdc213b701d4732bb12a499d2b75895_mv2.jpg/v1/fill/w_250,h_227,fp_0.50_0.50,q_30,blur_30/035244_5bdc213b701d4732bb12a499d2b75895_mv2.jpg]
[jobokello5.wixsite.com/myportfolio/portfolio.html]
[jobokello5.wixsite.com/myportfolio/robots.html]
[jobokello5.wixsite.com/myportfolio/feed.html]
[static.wixstatic.com/media/035244_1b65a67fbb9d4380b83b04e877918797_mv2.gif/v1/fill/w_250,h_227,fp_0.50_0.50,q_30,blur_30/035244_1b65a67fbb9d4380b83b04e877918797_mv2.gif]
